<?xml version="1.0" encoding="UTF-8"?>
<!-- Generated by org.testng.reporters.JUnitReportReporter -->
<testsuite hostname="RajRohit-PC" failures="0" tests="1" name="com.ramgyantra.projectTest.CreateProjectWithCompletedStatusUsingFrameworkTest" time="2.710" errors="0" timestamp="2021-08-03T00:48:56 IST" skipped="0">
  <testcase classname="com.ramgyantra.projectTest.CreateProjectWithCompletedStatusUsingFrameworkTest" name="createProject" time="2.710"/>
  <system-out/>
</testsuite> <!-- com.ramgyantra.projectTest.CreateProjectWithCompletedStatusUsingFrameworkTest -->
