<?xml version="1.0" encoding="UTF-8"?>
<!-- Generated by org.testng.reporters.JUnitReportReporter -->
<testsuite hostname="Adarsh" failures="0" tests="1" name="com.ramgyantra.projectTest.CreateProjectWithCompletedStatusTest" time="13.525" errors="0" timestamp="2021-08-02T15:57:19 IST" skipped="0">
  <testcase classname="com.ramgyantra.projectTest.CreateProjectWithCompletedStatusTest" name="createProjectWithCompletedStatus" time="13.525"/>
  <system-out/>
</testsuite> <!-- com.ramgyantra.projectTest.CreateProjectWithCompletedStatusTest -->
